<?xml version="1.0" encoding="UTF-8"?>
<!-- Generated by org.testng.reporters.JUnitXMLReporter -->
<testsuite ignored="0" hostname="DESKTOP-LUMDFJJ" failures="0" tests="3" name="Test" time="11.263" errors="0" timestamp="14 Mar 2021 17:19:59 GMT">
  <testcase classname="TestRunDLPFlow.RunExcelCompareForNewOldCheck" name="RunExcelCompareForNewOldCheck1" time="8.084"/>
  <testcase classname="TestRunDLPFlow.RunExcelCompareForDuplicateCheck" name="RunExcelCompareForDuplicateCheck" time="1.328"/>
  <testcase classname="TestRunDLPFlow.RunExcelCompareForSubKCount" name="RunExcelCompareForSubKCount" time="1.784"/>
</testsuite> <!-- Test -->
