<?xml version="1.0" encoding="UTF-8"?>
<testng-results ignored="0" total="3" passed="3" failed="0" skipped="0">
  <reporter-output>
  </reporter-output>
  <suite started-at="2021-03-14T17:19:48Z" name="Suite" finished-at="2021-03-14T17:19:59Z" duration-ms="11263">
    <groups>
    </groups>
    <test started-at="2021-03-14T17:19:48Z" name="Test" finished-at="2021-03-14T17:19:59Z" duration-ms="11263">
      <class name="TestRunDLPFlow.RunExcelCompareForSubKCount">
        <test-method signature="RunExcelCompareForSubKCount()[pri:0, instance:TestRunDLPFlow.RunExcelCompareForSubKCount@4f18837a]" started-at="2021-03-14T17:19:58Z" name="RunExcelCompareForSubKCount" finished-at="2021-03-14T17:19:59Z" duration-ms="1784" status="PASS">
          <reporter-output>
          </reporter-output>
        </test-method> <!-- RunExcelCompareForSubKCount -->
      </class> <!-- TestRunDLPFlow.RunExcelCompareForSubKCount -->
      <class name="TestRunDLPFlow.RunExcelCompareForDuplicateCheck">
        <test-method signature="RunExcelCompareForDuplicateCheck()[pri:0, instance:TestRunDLPFlow.RunExcelCompareForDuplicateCheck@6356695f]" started-at="2021-03-14T17:19:56Z" name="RunExcelCompareForDuplicateCheck" finished-at="2021-03-14T17:19:58Z" duration-ms="1328" status="PASS">
          <reporter-output>
          </reporter-output>
        </test-method> <!-- RunExcelCompareForDuplicateCheck -->
      </class> <!-- TestRunDLPFlow.RunExcelCompareForDuplicateCheck -->
      <class name="TestRunDLPFlow.RunExcelCompareForNewOldCheck">
        <test-method signature="RunExcelCompareForNewOldCheck1()[pri:0, instance:TestRunDLPFlow.RunExcelCompareForNewOldCheck@5ffead27]" started-at="2021-03-14T17:19:48Z" name="RunExcelCompareForNewOldCheck1" finished-at="2021-03-14T17:19:56Z" duration-ms="8084" status="PASS">
          <reporter-output>
          </reporter-output>
        </test-method> <!-- RunExcelCompareForNewOldCheck1 -->
      </class> <!-- TestRunDLPFlow.RunExcelCompareForNewOldCheck -->
    </test> <!-- Test -->
  </suite> <!-- Suite -->
</testng-results>
