<?xml version="1.0" encoding="UTF-8"?>
<testng-results ignored="0" total="2" passed="2" failed="0" skipped="0">
  <reporter-output>
  </reporter-output>
  <suite started-at="2021-03-03T18:15:20Z" name="Suite" finished-at="2021-03-03T18:15:32Z" duration-ms="12604">
    <groups>
    </groups>
    <test started-at="2021-03-03T18:15:20Z" name="Test" finished-at="2021-03-03T18:15:32Z" duration-ms="12604">
      <class name="TestRunDLPFlow.RunTestCase1">
        <test-method signature="RunTest1()[pri:0, instance:TestRunDLPFlow.RunTestCase1@2e005c4b]" started-at="2021-03-03T18:15:20Z" name="RunTest1" finished-at="2021-03-03T18:15:27Z" duration-ms="6720" status="PASS">
          <reporter-output>
          </reporter-output>
        </test-method> <!-- RunTest1 -->
      </class> <!-- TestRunDLPFlow.RunTestCase1 -->
      <class name="TestRunDLPFlow.RunTestCase2">
        <test-method signature="RunTest2()[pri:0, instance:TestRunDLPFlow.RunTestCase2@4567f35d]" started-at="2021-03-03T18:15:27Z" name="RunTest2" finished-at="2021-03-03T18:15:32Z" duration-ms="5829" status="PASS">
          <reporter-output>
          </reporter-output>
        </test-method> <!-- RunTest2 -->
      </class> <!-- TestRunDLPFlow.RunTestCase2 -->
    </test> <!-- Test -->
  </suite> <!-- Suite -->
</testng-results>
